[debug] [2020-04-08T20:36:15.932Z] ----------------------------------------------------------------------
[debug] [2020-04-08T20:36:15.939Z] Command:       /usr/local/bin/node /usr/local/bin/firebase init
[debug] [2020-04-08T20:36:15.940Z] CLI Version:   6.7.0
[debug] [2020-04-08T20:36:15.940Z] Platform:      linux
[debug] [2020-04-08T20:36:15.940Z] Node Version:  v10.10.0
[debug] [2020-04-08T20:36:15.941Z] Time:          Wed Apr 08 2020 23:36:15 GMT+0300 (Eastern European Summer Time)
[debug] [2020-04-08T20:36:15.941Z] ----------------------------------------------------------------------
[debug] 
[debug] [2020-04-08T20:36:15.959Z] > command requires scopes: ["email","openid","https://www.googleapis.com/auth/cloudplatformprojects.readonly","https://www.googleapis.com/auth/firebase","https://www.googleapis.com/auth/cloud-platform"]
[debug] [2020-04-08T20:36:15.960Z] > authorizing via signed-in user
[info] 
     ######## #### ########  ######## ########     ###     ######  ########
     ##        ##  ##     ## ##       ##     ##  ##   ##  ##       ##
     ######    ##  ########  ######   ########  #########  ######  ######
     ##        ##  ##    ##  ##       ##     ## ##     ##       ## ##
     ##       #### ##     ## ######## ########  ##     ##  ######  ########

You're about to initialize a Firebase project in this directory:

  /home/nameless/WEB/kg-crm

[info] 
=== Project Setup
[info] 
[info] First, let's associate this project directory with a Firebase project.
[info] You can create multiple project aliases by running firebase use --add, 
[info] but for now we'll just set up a default project.
[info] 
[debug] [2020-04-08T20:36:18.791Z] > refreshing access token with scopes: ["email","https://www.googleapis.com/auth/cloud-platform","https://www.googleapis.com/auth/cloudplatformprojects.readonly","https://www.googleapis.com/auth/firebase","openid"]
[debug] [2020-04-08T20:36:18.792Z] >>> HTTP REQUEST POST https://www.googleapis.com/oauth2/v3/token  
 <request body omitted>
[debug] [2020-04-08T20:36:19.087Z] <<< HTTP RESPONSE 200
[debug] [2020-04-08T20:36:19.095Z] >>> HTTP REQUEST GET https://firebase.googleapis.com/v1beta1/projects?page_size=100  
 
[debug] [2020-04-08T20:36:19.551Z] <<< HTTP RESPONSE 200
[info] i  Using project kg-crm-c479b (kg-crm)
[info] 
=== Hosting Setup
[info] 
[info] Your public directory is the folder (relative to your project directory) that
[info] will contain Hosting assets to be uploaded with firebase deploy. If you
[info] have a build process for your assets, use your build's output directory.
[info] 
[debug] [2020-04-08T20:37:14.861Z] >>> HTTP REQUEST GET https://www.gstatic.com/firebasejs/releases.json  
 
[debug] [2020-04-08T20:37:15.056Z] <<< HTTP RESPONSE 200
